<?xml version="1.0" encoding="UTF-8"?>
<Site BuildName="(empty)"
	BuildStamp="20240117-2205-Experimental"
	Name="(empty)"
	Generator="ctest-3.25.1"
	CompilerName=""
	CompilerVersion=""
	OSName="Linux"
	Hostname="cslab-17"
	OSRelease="6.1.0-17-amd64"
	OSVersion="#1 SMP PREEMPT_DYNAMIC Debian 6.1.69-1 (2023-12-30)"
	OSPlatform="x86_64"
	Is64Bits="1"
	VendorString="GenuineIntel"
	VendorID="Intel Corporation"
	FamilyID="6"
	ModelID="151"
	ProcessorCacheSize="25600"
	NumberOfLogicalCPU="20"
	NumberOfPhysicalCPU="12"
	TotalVirtualMemory="976"
	TotalPhysicalMemory="31834"
	LogicalProcessorsPerPhysical="1"
	ProcessorClockFrequency="3708.72"
	>
	<Testing>
		<StartDateTime>Jan 17 16:14 CST</StartDateTime>
		<StartTestTime>1705529663</StartTestTime>
		<TestList/>
		<EndDateTime>Jan 17 16:14 CST</EndDateTime>
		<EndTestTime>1705529663</EndTestTime>
		<ElapsedMinutes>0</ElapsedMinutes>
	</Testing>
</Site>
